<html>
<head>
<title>TestNG:  Default test</title>
<link href="../testng.css" rel="stylesheet" type="text/css" />
<link href="../my-testng.css" rel="stylesheet" type="text/css" />

<style type="text/css">
.log { display: none;} 
.stack-trace { display: none;} 
</style>
<script type="text/javascript">
<!--
function flip(e) {
  current = e.style.display;
  if (current == 'block') {
    e.style.display = 'none';
    return 0;
  }
  else {
    e.style.display = 'block';
    return 1;
  }
}

function toggleBox(szDivId, elem, msg1, msg2)
{
  var res = -1;  if (document.getElementById) {
    res = flip(document.getElementById(szDivId));
  }
  else if (document.all) {
    // this is the way old msie versions work
    res = flip(document.all[szDivId]);
  }
  if(elem) {
    if(res == 0) elem.innerHTML = msg1; else elem.innerHTML = msg2;
  }

}

function toggleAllBoxes() {
  if (document.getElementsByTagName) {
    d = document.getElementsByTagName('div');
    for (i = 0; i < d.length; i++) {
      if (d[i].className == 'log') {
        flip(d[i]);
      }
    }
  }
}

// -->
</script>

</head>
<body>
<h2 align='center'>Default test</h2><table border='1' align="center">
<tr>
<td>Tests passed/Failed/Skipped:</td><td>1/3/0</td>
</tr><tr>
<td>Started on:</td><td>Sun Mar 03 04:13:21 IST 2024</td>
</tr>
<tr><td>Total time:</td><td>27 seconds (27708 ms)</td>
</tr><tr>
<td>Included groups:</td><td></td>
</tr><tr>
<td>Excluded groups:</td><td></td>
</tr>
</table><p/>
<small><i>(Hover the method name to see the test class name)</i></small><p/>
<table width='100%' border='1' class='invocation-failed'>
<tr><td colspan='4' align='center'><b>FAILED TESTS</b></td></tr>
<tr><td><b>Test method</b></td>
<td><b>Attribute(s)</b></td>
<td width="30%"><b>Exception</b></td>
<td width="10%"><b>Time (seconds)</b></td>
<td><b>Instance</b></td>
</tr>
<tr>
<td title='FeatureRunner.TestRunner.runScenario()'><b>runScenario</b><br>Test class: FeatureRunner.TestRunner<br>Test method: Runs Cucumber Scenarios<br>Parameters: "validating searched product in home and offers page", "Search and Place order for products"</td>
<td><div><pre>java.lang.AssertionError: expected [Potato12] but found [Potato]
	at org.testng.Assert.fail(Assert.java:111)
	at org.testng.Assert.failNotEquals(Assert.java:1578)
	at org.testng.Assert.assertEqualsImpl(Assert.java:150)
	at org.testng.Assert.assertEquals(Assert.java:132)
	at org.testng.Assert.assertEquals(Assert.java:656)
	at org.testng.Assert.assertEquals(Assert.java:666)
	at stepDefinations.OfferPageStepDefination.m1(OfferPageStepDefination.java:50)
	at ?.user checks if product exists(file:///F:/Selenium/COre/E2ERahulCucumberPrj/src/test/java/features/SearchProduct.feature:9)
</pre></div><a href='#' onClick='toggleBox("stack-trace1889943701", this, "Click to show all stack frames", "Click to hide stack frames")'>Click to show all stack frames</a>
<div class='stack-trace' id='stack-trace1889943701'><pre>java.lang.AssertionError: expected [Potato12] but found [Potato]
	at org.testng.Assert.fail(Assert.java:111)
	at org.testng.Assert.failNotEquals(Assert.java:1578)
	at org.testng.Assert.assertEqualsImpl(Assert.java:150)
	at org.testng.Assert.assertEquals(Assert.java:132)
	at org.testng.Assert.assertEquals(Assert.java:656)
	at org.testng.Assert.assertEquals(Assert.java:666)
	at stepDefinations.OfferPageStepDefination.m1(OfferPageStepDefination.java:50)
	at ?.user checks if product exists(file:///F:/Selenium/COre/E2ERahulCucumberPrj/src/test/java/features/SearchProduct.feature:9)
</pre></div></td>
<td>14</td>
<td>FeatureRunner.TestRunner@3de8f619</td></tr>
<tr>
<td title='FeatureRunner.TestRunner.runScenario()'><b>runScenario</b><br>Test class: FeatureRunner.TestRunner<br>Test method: Runs Cucumber Scenarios<br>Parameters: "validating searched product in home and offers page", "Search and Place order for products"</td>
<td><div><pre>java.lang.AssertionError: expected [Tomato12] but found [Tomato]
	at org.testng.Assert.fail(Assert.java:111)
	at org.testng.Assert.failNotEquals(Assert.java:1578)
	at org.testng.Assert.assertEqualsImpl(Assert.java:150)
	at org.testng.Assert.assertEquals(Assert.java:132)
	at org.testng.Assert.assertEquals(Assert.java:656)
	at org.testng.Assert.assertEquals(Assert.java:666)
	at stepDefinations.OfferPageStepDefination.m1(OfferPageStepDefination.java:50)
	at ?.user checks if product exists(file:///F:/Selenium/COre/E2ERahulCucumberPrj/src/test/java/features/SearchProduct.feature:9)
</pre></div><a href='#' onClick='toggleBox("stack-trace1027104053", this, "Click to show all stack frames", "Click to hide stack frames")'>Click to show all stack frames</a>
<div class='stack-trace' id='stack-trace1027104053'><pre>java.lang.AssertionError: expected [Tomato12] but found [Tomato]
	at org.testng.Assert.fail(Assert.java:111)
	at org.testng.Assert.failNotEquals(Assert.java:1578)
	at org.testng.Assert.assertEqualsImpl(Assert.java:150)
	at org.testng.Assert.assertEquals(Assert.java:132)
	at org.testng.Assert.assertEquals(Assert.java:656)
	at org.testng.Assert.assertEquals(Assert.java:666)
	at stepDefinations.OfferPageStepDefination.m1(OfferPageStepDefination.java:50)
	at ?.user checks if product exists(file:///F:/Selenium/COre/E2ERahulCucumberPrj/src/test/java/features/SearchProduct.feature:9)
</pre></div></td>
<td>14</td>
<td>FeatureRunner.TestRunner@3de8f619</td></tr>
<tr>
<td title='FeatureRunner.TestRunner.runScenario()'><b>runScenario</b><br>Test class: FeatureRunner.TestRunner<br>Test method: Runs Cucumber Scenarios<br>Parameters: "validating searched product in home and offers page", "Search and Place order for products"</td>
<td><div><pre>java.lang.AssertionError: expected [Strawberry12] but found [Strawberry]
	at org.testng.Assert.fail(Assert.java:111)
	at org.testng.Assert.failNotEquals(Assert.java:1578)
	at org.testng.Assert.assertEqualsImpl(Assert.java:150)
	at org.testng.Assert.assertEquals(Assert.java:132)
	at org.testng.Assert.assertEquals(Assert.java:656)
	at org.testng.Assert.assertEquals(Assert.java:666)
	at stepDefinations.OfferPageStepDefination.m1(OfferPageStepDefination.java:50)
	at ?.user checks if product exists(file:///F:/Selenium/COre/E2ERahulCucumberPrj/src/test/java/features/SearchProduct.feature:9)
</pre></div><a href='#' onClick='toggleBox("stack-trace1607054183", this, "Click to show all stack frames", "Click to hide stack frames")'>Click to show all stack frames</a>
<div class='stack-trace' id='stack-trace1607054183'><pre>java.lang.AssertionError: expected [Strawberry12] but found [Strawberry]
	at org.testng.Assert.fail(Assert.java:111)
	at org.testng.Assert.failNotEquals(Assert.java:1578)
	at org.testng.Assert.assertEqualsImpl(Assert.java:150)
	at org.testng.Assert.assertEquals(Assert.java:132)
	at org.testng.Assert.assertEquals(Assert.java:656)
	at org.testng.Assert.assertEquals(Assert.java:666)
	at stepDefinations.OfferPageStepDefination.m1(OfferPageStepDefination.java:50)
	at ?.user checks if product exists(file:///F:/Selenium/COre/E2ERahulCucumberPrj/src/test/java/features/SearchProduct.feature:9)
</pre></div></td>
<td>14</td>
<td>FeatureRunner.TestRunner@3de8f619</td></tr>
</table><p>
<table width='100%' border='1' class='invocation-passed'>
<tr><td colspan='4' align='center'><b>PASSED TESTS</b></td></tr>
<tr><td><b>Test method</b></td>
<td><b>Attribute(s)</b></td>
<td width="30%"><b>Exception</b></td>
<td width="10%"><b>Time (seconds)</b></td>
<td><b>Instance</b></td>
</tr>
<tr>
<td title='FeatureRunner.TestRunner.runScenario()'><b>runScenario</b><br>Test class: FeatureRunner.TestRunner<br>Test method: Runs Cucumber Scenarios<br>Parameters: "validating add to cart and proceed to checkout and place order functionality", "Search and Place order for products"</td>
<td></td>
<td>25</td>
<td>FeatureRunner.TestRunner@3de8f619</td></tr>
</table><p>
</body>
</html>