<?xml version="1.0" encoding="UTF-8"?>
<!-- Generated by org.testng.reporters.JUnitXMLReporter -->
<testsuite ignored="0" hostname="Shreyanvi" failures="3" tests="4" name="Default test" time="27.708" errors="0" timestamp="2024-03-03T04:13:48 IST">
  <testcase classname="io.cucumber.testng.AbstractTestNGCucumberTests" name="runScenario" time="14.303">
    <failure type="java.lang.AssertionError" message="expected [Strawberry12] but found [Strawberry]">
      <![CDATA[java.lang.AssertionError: expected [Strawberry12] but found [Strawberry]
at org.testng.Assert.fail(Assert.java:111)
at org.testng.Assert.failNotEquals(Assert.java:1578)
at org.testng.Assert.assertEqualsImpl(Assert.java:150)
at org.testng.Assert.assertEquals(Assert.java:132)
at org.testng.Assert.assertEquals(Assert.java:656)
at org.testng.Assert.assertEquals(Assert.java:666)
at stepDefinations.OfferPageStepDefination.m1(OfferPageStepDefination.java:50)
at ✽.user checks if product exists(file:///F:/Selenium/COre/E2ERahulCucumberPrj/src/test/java/features/SearchProduct.feature:9)
]]>
    </failure>
  </testcase> <!-- runScenario -->
  <testcase classname="io.cucumber.testng.AbstractTestNGCucumberTests" name="runScenario" time="14.369">
    <failure type="java.lang.AssertionError" message="expected [Potato12] but found [Potato]">
      <![CDATA[java.lang.AssertionError: expected [Potato12] but found [Potato]
at org.testng.Assert.fail(Assert.java:111)
at org.testng.Assert.failNotEquals(Assert.java:1578)
at org.testng.Assert.assertEqualsImpl(Assert.java:150)
at org.testng.Assert.assertEquals(Assert.java:132)
at org.testng.Assert.assertEquals(Assert.java:656)
at org.testng.Assert.assertEquals(Assert.java:666)
at stepDefinations.OfferPageStepDefination.m1(OfferPageStepDefination.java:50)
at ✽.user checks if product exists(file:///F:/Selenium/COre/E2ERahulCucumberPrj/src/test/java/features/SearchProduct.feature:9)
]]>
    </failure>
  </testcase> <!-- runScenario -->
  <testcase classname="io.cucumber.testng.AbstractTestNGCucumberTests" name="runScenario" time="14.466">
    <failure type="java.lang.AssertionError" message="expected [Tomato12] but found [Tomato]">
      <![CDATA[java.lang.AssertionError: expected [Tomato12] but found [Tomato]
at org.testng.Assert.fail(Assert.java:111)
at org.testng.Assert.failNotEquals(Assert.java:1578)
at org.testng.Assert.assertEqualsImpl(Assert.java:150)
at org.testng.Assert.assertEquals(Assert.java:132)
at org.testng.Assert.assertEquals(Assert.java:656)
at org.testng.Assert.assertEquals(Assert.java:666)
at stepDefinations.OfferPageStepDefination.m1(OfferPageStepDefination.java:50)
at ✽.user checks if product exists(file:///F:/Selenium/COre/E2ERahulCucumberPrj/src/test/java/features/SearchProduct.feature:9)
]]>
    </failure>
  </testcase> <!-- runScenario -->
  <testcase classname="io.cucumber.testng.AbstractTestNGCucumberTests" name="runScenario" time="25.995"/>
</testsuite> <!-- Default test -->
