<?xml version="1.0" encoding="UTF-8"?>
<testng-results ignored="0" total="4" passed="1" failed="3" skipped="0">
  <reporter-output>
  </reporter-output>
  <suite started-at="2024-03-03T04:13:21 IST" name="Default suite" finished-at="2024-03-03T04:13:48 IST" duration-ms="27708">
    <groups>
      <group name="cucumber">
        <method signature="AbstractTestNGCucumberTests.runScenario(io.cucumber.testng.PickleWrapper,io.cucumber.testng.FeatureWrapper)[pri:0, instance:FeatureRunner.TestRunner@3de8f619]" name="runScenario" class="io.cucumber.testng.AbstractTestNGCucumberTests"/>
      </group> <!-- cucumber -->
    </groups>
    <test started-at="2024-03-03T04:13:21 IST" name="Default test" finished-at="2024-03-03T04:13:48 IST" duration-ms="27708">
      <class name="FeatureRunner.TestRunner">
        <test-method is-config="true" signature="setUpClass(org.testng.ITestContext)[pri:0, instance:FeatureRunner.TestRunner@3de8f619]" started-at="2024-03-03T04:13:21 IST" name="setUpClass" finished-at="2024-03-03T04:13:21 IST" duration-ms="840" status="PASS">
          <params>
            <param index="0">
              <value>
                <![CDATA[org.testng.TestRunner@37af1f93]]>
              </value>
            </param>
          </params>
          <reporter-output>
          </reporter-output>
        </test-method> <!-- setUpClass -->
        <test-method signature="runScenario(io.cucumber.testng.PickleWrapper,io.cucumber.testng.FeatureWrapper)[pri:0, instance:FeatureRunner.TestRunner@3de8f619]" started-at="2024-03-03T04:13:21 IST" name="runScenario" description="Runs Cucumber Scenarios" data-provider="scenarios" finished-at="2024-03-03T04:13:47 IST" duration-ms="25995" status="PASS">
          <params>
            <param index="0">
              <value>
                <![CDATA["validating add to cart and proceed to checkout and place order functionality"]]>
              </value>
            </param>
            <param index="1">
              <value>
                <![CDATA["Search and Place order for products"]]>
              </value>
            </param>
          </params>
          <reporter-output>
          </reporter-output>
        </test-method> <!-- runScenario -->
        <test-method signature="runScenario(io.cucumber.testng.PickleWrapper,io.cucumber.testng.FeatureWrapper)[pri:0, instance:FeatureRunner.TestRunner@3de8f619]" started-at="2024-03-03T04:13:21 IST" name="runScenario" description="Runs Cucumber Scenarios" data-provider="scenarios" finished-at="2024-03-03T04:13:36 IST" duration-ms="14369" status="FAIL">
          <params>
            <param index="0">
              <value>
                <![CDATA["validating searched product in home and offers page"]]>
              </value>
            </param>
            <param index="1">
              <value>
                <![CDATA["Search and Place order for products"]]>
              </value>
            </param>
          </params>
          <exception class="java.lang.AssertionError">
            <message>
              <![CDATA[expected [Potato12] but found [Potato]]]>
            </message>
            <full-stacktrace>
              <![CDATA[java.lang.AssertionError: expected [Potato12] but found [Potato]
at org.testng.Assert.fail(Assert.java:111)
at org.testng.Assert.failNotEquals(Assert.java:1578)
at org.testng.Assert.assertEqualsImpl(Assert.java:150)
at org.testng.Assert.assertEquals(Assert.java:132)
at org.testng.Assert.assertEquals(Assert.java:656)
at org.testng.Assert.assertEquals(Assert.java:666)
at stepDefinations.OfferPageStepDefination.m1(OfferPageStepDefination.java:50)
at ✽.user checks if product exists(file:///F:/Selenium/COre/E2ERahulCucumberPrj/src/test/java/features/SearchProduct.feature:9)
]]>
            </full-stacktrace>
          </exception> <!-- java.lang.AssertionError -->
          <reporter-output>
          </reporter-output>
        </test-method> <!-- runScenario -->
        <test-method signature="runScenario(io.cucumber.testng.PickleWrapper,io.cucumber.testng.FeatureWrapper)[pri:0, instance:FeatureRunner.TestRunner@3de8f619]" started-at="2024-03-03T04:13:21 IST" name="runScenario" description="Runs Cucumber Scenarios" data-provider="scenarios" finished-at="2024-03-03T04:13:36 IST" duration-ms="14466" status="FAIL">
          <params>
            <param index="0">
              <value>
                <![CDATA["validating searched product in home and offers page"]]>
              </value>
            </param>
            <param index="1">
              <value>
                <![CDATA["Search and Place order for products"]]>
              </value>
            </param>
          </params>
          <exception class="java.lang.AssertionError">
            <message>
              <![CDATA[expected [Tomato12] but found [Tomato]]]>
            </message>
            <full-stacktrace>
              <![CDATA[java.lang.AssertionError: expected [Tomato12] but found [Tomato]
at org.testng.Assert.fail(Assert.java:111)
at org.testng.Assert.failNotEquals(Assert.java:1578)
at org.testng.Assert.assertEqualsImpl(Assert.java:150)
at org.testng.Assert.assertEquals(Assert.java:132)
at org.testng.Assert.assertEquals(Assert.java:656)
at org.testng.Assert.assertEquals(Assert.java:666)
at stepDefinations.OfferPageStepDefination.m1(OfferPageStepDefination.java:50)
at ✽.user checks if product exists(file:///F:/Selenium/COre/E2ERahulCucumberPrj/src/test/java/features/SearchProduct.feature:9)
]]>
            </full-stacktrace>
          </exception> <!-- java.lang.AssertionError -->
          <reporter-output>
          </reporter-output>
        </test-method> <!-- runScenario -->
        <test-method signature="runScenario(io.cucumber.testng.PickleWrapper,io.cucumber.testng.FeatureWrapper)[pri:0, instance:FeatureRunner.TestRunner@3de8f619]" started-at="2024-03-03T04:13:21 IST" name="runScenario" description="Runs Cucumber Scenarios" data-provider="scenarios" finished-at="2024-03-03T04:13:36 IST" duration-ms="14303" status="FAIL">
          <params>
            <param index="0">
              <value>
                <![CDATA["validating searched product in home and offers page"]]>
              </value>
            </param>
            <param index="1">
              <value>
                <![CDATA["Search and Place order for products"]]>
              </value>
            </param>
          </params>
          <exception class="java.lang.AssertionError">
            <message>
              <![CDATA[expected [Strawberry12] but found [Strawberry]]]>
            </message>
            <full-stacktrace>
              <![CDATA[java.lang.AssertionError: expected [Strawberry12] but found [Strawberry]
at org.testng.Assert.fail(Assert.java:111)
at org.testng.Assert.failNotEquals(Assert.java:1578)
at org.testng.Assert.assertEqualsImpl(Assert.java:150)
at org.testng.Assert.assertEquals(Assert.java:132)
at org.testng.Assert.assertEquals(Assert.java:656)
at org.testng.Assert.assertEquals(Assert.java:666)
at stepDefinations.OfferPageStepDefination.m1(OfferPageStepDefination.java:50)
at ✽.user checks if product exists(file:///F:/Selenium/COre/E2ERahulCucumberPrj/src/test/java/features/SearchProduct.feature:9)
]]>
            </full-stacktrace>
          </exception> <!-- java.lang.AssertionError -->
          <reporter-output>
          </reporter-output>
        </test-method> <!-- runScenario -->
        <test-method is-config="true" signature="tearDownClass()[pri:0, instance:FeatureRunner.TestRunner@3de8f619]" started-at="2024-03-03T04:13:47 IST" name="tearDownClass" finished-at="2024-03-03T04:13:48 IST" duration-ms="825" status="PASS">
          <reporter-output>
          </reporter-output>
        </test-method> <!-- tearDownClass -->
      </class> <!-- FeatureRunner.TestRunner -->
    </test> <!-- Default test -->
  </suite> <!-- Default suite -->
</testng-results>
