<?xml version="1.0" encoding="UTF-8"?>
<!-- Generated by org.testng.reporters.JUnitReportReporter -->
<testsuite hostname="Shreyanvi" failures="3" tests="4" name="FeatureRunner.TestRunner" time="69.133" errors="0" timestamp="2024-03-03T04:13:49 IST" skipped="0">
  <testcase classname="FeatureRunner.TestRunner" name="runScenario" time="14.369">
    <failure message="expected [Potato12] but found [Potato]" type="java.lang.AssertionError">
      <![CDATA[java.lang.AssertionError: expected [Potato12] but found [Potato]
at org.testng.Assert.fail(Assert.java:111)
at org.testng.Assert.failNotEquals(Assert.java:1578)
at org.testng.Assert.assertEqualsImpl(Assert.java:150)
at org.testng.Assert.assertEquals(Assert.java:132)
at org.testng.Assert.assertEquals(Assert.java:656)
at org.testng.Assert.assertEquals(Assert.java:666)
at stepDefinations.OfferPageStepDefination.m1(OfferPageStepDefination.java:50)
at ✽.user checks if product exists(file:///F:/Selenium/COre/E2ERahulCucumberPrj/src/test/java/features/SearchProduct.feature:9)
]]>
    </failure>
  </testcase> <!-- runScenario -->
  <testcase classname="FeatureRunner.TestRunner" name="runScenario" time="25.995"/>
  <testcase classname="FeatureRunner.TestRunner" name="runScenario" time="14.466">
    <failure message="expected [Tomato12] but found [Tomato]" type="java.lang.AssertionError">
      <![CDATA[java.lang.AssertionError: expected [Tomato12] but found [Tomato]
at org.testng.Assert.fail(Assert.java:111)
at org.testng.Assert.failNotEquals(Assert.java:1578)
at org.testng.Assert.assertEqualsImpl(Assert.java:150)
at org.testng.Assert.assertEquals(Assert.java:132)
at org.testng.Assert.assertEquals(Assert.java:656)
at org.testng.Assert.assertEquals(Assert.java:666)
at stepDefinations.OfferPageStepDefination.m1(OfferPageStepDefination.java:50)
at ✽.user checks if product exists(file:///F:/Selenium/COre/E2ERahulCucumberPrj/src/test/java/features/SearchProduct.feature:9)
]]>
    </failure>
  </testcase> <!-- runScenario -->
  <testcase classname="FeatureRunner.TestRunner" name="runScenario" time="14.303">
    <failure message="expected [Strawberry12] but found [Strawberry]" type="java.lang.AssertionError">
      <![CDATA[java.lang.AssertionError: expected [Strawberry12] but found [Strawberry]
at org.testng.Assert.fail(Assert.java:111)
at org.testng.Assert.failNotEquals(Assert.java:1578)
at org.testng.Assert.assertEqualsImpl(Assert.java:150)
at org.testng.Assert.assertEquals(Assert.java:132)
at org.testng.Assert.assertEquals(Assert.java:656)
at org.testng.Assert.assertEquals(Assert.java:666)
at stepDefinations.OfferPageStepDefination.m1(OfferPageStepDefination.java:50)
at ✽.user checks if product exists(file:///F:/Selenium/COre/E2ERahulCucumberPrj/src/test/java/features/SearchProduct.feature:9)
]]>
    </failure>
  </testcase> <!-- runScenario -->
</testsuite> <!-- FeatureRunner.TestRunner -->
